<?xml version="1.0" encoding="UTF-8"?>
<testsuite xmlns:xsi="http://www.w3.org/2001/XMLSchema-instance" xsi:noNamespaceSchemaLocation="https://maven.apache.org/surefire/maven-surefire-plugin/xsd/surefire-test-report.xsd" version="3.0.2" name="pt.ua.nicevolunteers.volunteer.controller.VolunteerControllerTest" time="0.853" tests="1" errors="0" skipped="0" failures="0">
  <properties>
[...]
</properties>
  <testcase name="shouldRegisterVolunteer" classname="pt.ua.nicevolunteers.volunteer.controller.VolunteerControllerTest" time="0.138">
    <system-out><![CDATA[2026-01-27T12:25:19.219Z  INFO 92897 --- [           main] t.c.s.AnnotationConfigContextLoaderUtils : Could not detect default configuration classes for test class [pt.ua.nicevolunteers.volunteer.controller.VolunteerControllerTest]: VolunteerControllerTest does not declare any static, non-private, non-final, nested classes annotated with @Configuration.
2026-01-27T12:25:19.232Z  INFO 92897 --- [           main] .b.t.c.SpringBootTestContextBootstrapper : Found @SpringBootConfiguration pt.ua.nicevolunteers.NiceVolunteersApplication for test class pt.ua.nicevolunteers.volunteer.controller.VolunteerControllerTest

  .   ____          _            __ _ _
 /\\ / ___'_ __ _ _(_)_ __  __ _ \ \ \ \
( ( )\___ | '_ | '_| | '_ \/ _` | \ \ \ \
 \\/  ___)| |_)| | | | | || (_| |  ) ) ) )
  '  |____| .__|_| |_|_| |_\__, | / / / /
 =========|_|==============|___/=/_/_/_/
 :: Spring Boot ::                (v3.2.2)

2026-01-27T12:25:19.271Z  INFO 92897 --- [           main] p.u.n.v.c.VolunteerControllerTest        : Starting VolunteerControllerTest using Java 21.0.9 with PID 92897 (started by mufasa in /home/mufasa/Secretária/Classes/TQS/Recurso/NiceVolunteer)
2026-01-27T12:25:19.271Z  INFO 92897 --- [           main] p.u.n.v.c.VolunteerControllerTest        : No active profile set, falling back to 1 default profile: "default"
2026-01-27T12:25:19.426Z  INFO 92897 --- [           main] .s.d.r.c.RepositoryConfigurationDelegate : Bootstrapping Spring Data JPA repositories in DEFAULT mode.
2026-01-27T12:25:19.438Z  INFO 92897 --- [           main] .s.d.r.c.RepositoryConfigurationDelegate : Finished Spring Data repository scanning in 12 ms. Found 1 JPA repository interface.
2026-01-27T12:25:19.616Z  INFO 92897 --- [           main] o.hibernate.jpa.internal.util.LogHelper  : HHH000204: Processing PersistenceUnitInfo [name: default]
2026-01-27T12:25:19.621Z  INFO 92897 --- [           main] o.h.c.internal.RegionFactoryInitiator    : HHH000026: Second-level cache disabled
2026-01-27T12:25:19.624Z  INFO 92897 --- [           main] o.s.o.j.p.SpringPersistenceUnitInfo      : No LoadTimeWeaver setup: ignoring JPA class transformer
2026-01-27T12:25:19.624Z  INFO 92897 --- [           main] com.zaxxer.hikari.HikariDataSource       : HikariPool-2 - Starting...
2026-01-27T12:25:19.625Z  INFO 92897 --- [           main] com.zaxxer.hikari.pool.HikariPool        : HikariPool-2 - Added connection conn10: url=jdbc:h2:mem:nicevolunteers user=SA
2026-01-27T12:25:19.626Z  INFO 92897 --- [           main] com.zaxxer.hikari.HikariDataSource       : HikariPool-2 - Start completed.
2026-01-27T12:25:19.662Z  INFO 92897 --- [           main] o.h.e.t.j.p.i.JtaPlatformInitiator       : HHH000489: No JTA platform available (set 'hibernate.transaction.jta.platform' to enable JTA platform integration)
Hibernate: drop table if exists volunteer cascade 
Hibernate: create table volunteer (id uuid not null, email_value varchar(255) not null unique, hash varchar(255), name varchar(255), primary key (id))
2026-01-27T12:25:19.666Z  INFO 92897 --- [           main] j.LocalContainerEntityManagerFactoryBean : Initialized JPA EntityManagerFactory for persistence unit 'default'
2026-01-27T12:25:19.713Z  WARN 92897 --- [           main] JpaBaseConfiguration$JpaWebConfiguration : spring.jpa.open-in-view is enabled by default. Therefore, database queries may be performed during view rendering. Explicitly configure spring.jpa.open-in-view to disable this warning
2026-01-27T12:25:19.721Z  WARN 92897 --- [           main] .s.s.UserDetailsServiceAutoConfiguration : 

Using generated security password: adfbf364-a2ec-4d29-b3c0-d3bb09705efd

This generated password is for development use only. Your security configuration must be updated before running your application in production.

2026-01-27T12:25:19.773Z  INFO 92897 --- [           main] o.s.s.web.DefaultSecurityFilterChain     : Will secure any request with [org.springframework.security.web.session.DisableEncodeUrlFilter@4e293c35, org.springframework.security.web.context.request.async.WebAsyncManagerIntegrationFilter@718198db, org.springframework.security.web.context.SecurityContextHolderFilter@394e0104, org.springframework.security.web.header.HeaderWriterFilter@7a80b2e6, org.springframework.web.filter.CorsFilter@40bac624, org.springframework.security.web.authentication.logout.LogoutFilter@1c8d9ac9, org.springframework.security.web.savedrequest.RequestCacheAwareFilter@1e5f3c4a, org.springframework.security.web.servletapi.SecurityContextHolderAwareRequestFilter@2aea7775, org.springframework.security.web.authentication.AnonymousAuthenticationFilter@1bc80978, org.springframework.security.web.access.ExceptionTranslationFilter@7108b12d, org.springframework.security.web.access.intercept.AuthorizationFilter@19984625]
2026-01-27T12:25:19.907Z  INFO 92897 --- [           main] o.s.b.t.m.w.SpringBootMockServletContext : Initializing Spring TestDispatcherServlet ''
2026-01-27T12:25:19.908Z  INFO 92897 --- [           main] o.s.t.web.servlet.TestDispatcherServlet  : Initializing Servlet ''
2026-01-27T12:25:19.909Z  INFO 92897 --- [           main] o.s.t.web.servlet.TestDispatcherServlet  : Completed initialization in 1 ms
2026-01-27T12:25:19.920Z  INFO 92897 --- [           main] p.u.n.v.c.VolunteerControllerTest        : Started VolunteerControllerTest in 0.685 seconds (process running for 4.829)
Hibernate: insert into volunteer (email_value,name,hash,id) values (?,?,?,?)
]]></system-out>
  </testcase>
</testsuite>